  precompile.cpp
  useful.cpp
  tutorial.cpp
  title.cpp
  time.cpp
  texture.cpp
  stun.cpp
  speech_message.cpp
  sound.cpp
  skybox.cpp
  shadowModel.cpp
  shadowCircle.cpp
  score.cpp
  scene.cpp
  sample_manager.cpp
  sample.cpp
  ripple.cpp
  result.cpp
  renderer.cpp
  ranking.cpp
  push_timing.cpp
  コードを生成中...
  コンパイル中...
  pause.cpp
  particle2D.cpp
c:\users\student\desktop\obarateam\hgs2023winter\particle2d.cpp(138): warning C4100: 'type': 引数は関数の本体部で 1 度も参照されません。
  Particle.cpp
  orbit.cpp
  objectX.cpp
  objectScroll.cpp
  Objectmesh.cpp
  objectElevation.cpp
  objectDonut2D.cpp
  objectbillboard.cpp
  objectAnim.cpp
  object3Dfan.cpp
  object3D.cpp
  object2D.cpp
  object.cpp
  number.cpp
  motion.cpp
  model.cpp
  mesh_wall.cpp
  mesh_manager.cpp
  コードを生成中...
  コンパイル中...
  mesh_field.cpp
  mesh_dome.cpp
  mesh_cylinder.cpp
  manager.cpp
  main.cpp
  logo_mark.cpp
  logo.cpp
  locus2D.cpp
  light.cpp
  input.cpp
c:\users\student\desktop\obarateam\hgs2023winter\input.cpp(38): warning C4100: 'hWnd': 引数は関数の本体部で 1 度も参照されません。
  game.cpp
  fraction.cpp
  file.cpp
  fade.cpp
  elevation_manager.cpp
  effect2D.cpp
  Effect.cpp
  destruction.cpp
  debugproc.cpp
  danger_mark.cpp
  コードを生成中...
  コンパイル中...
  confetti.cpp
  collpolygon.cpp
  collision.cpp
  character.cpp
  camera.cpp
  コードを生成中...
  HGS2023Winter.vcxproj -> C:\Users\student\Desktop\OBARAteam\HGS2023Winter\Debug\HGS2023Winter.exe
  HGS2023Winter.vcxproj -> C:\Users\student\Desktop\OBARAteam\HGS2023Winter\Debug\HGS2023Winter.pdb (Full PDB)
